<?xml version="1.0" encoding="UTF-8"?>
<testsuite name="com.rag.poc.PocApplicationTests" tests="1" skipped="0" failures="0" errors="0" timestamp="2024-08-12T13:14:55" hostname="jotaeyeong-ui-MacBookPro.local" time="0.405">
  <properties/>
  <testcase name="contextLoads()" classname="com.rag.poc.PocApplicationTests" time="0.405"/>
  <system-out><![CDATA[22:14:55.053 [Test worker] INFO org.springframework.test.context.support.AnnotationConfigContextLoaderUtils -- Could not detect default configuration classes for test class [com.rag.poc.PocApplicationTests]: PocApplicationTests does not declare any static, non-private, non-final, nested classes annotated with @Configuration.
22:14:55.093 [Test worker] INFO org.springframework.boot.test.context.SpringBootTestContextBootstrapper -- Found @SpringBootConfiguration com.rag.poc.PocApplication for test class com.rag.poc.PocApplicationTests

  .   ____          _            __ _ _
 /\\ / ___'_ __ _ _(_)_ __  __ _ \ \ \ \
( ( )\___ | '_ | '_| | '_ \/ _` | \ \ \ \
 \\/  ___)| |_)| | | | | || (_| |  ) ) ) )
  '  |____| .__|_| |_|_| |_\__, | / / / /
 =========|_|==============|___/=/_/_/_/

 :: Spring Boot ::                (v3.3.2)

2024-08-12T22:14:55.284+09:00  INFO 15132 --- [poc] [    Test worker] com.rag.poc.PocApplicationTests          : Starting PocApplicationTests using Java 21.0.2 with PID 15132 (started by jotaeyeong in /Users/jotaeyeong/Desktop/kakao/rag-poc-was)
2024-08-12T22:14:55.285+09:00  INFO 15132 --- [poc] [    Test worker] com.rag.poc.PocApplicationTests          : No active profile set, falling back to 1 default profile: "default"
2024-08-12T22:14:55.807+09:00  INFO 15132 --- [poc] [    Test worker] com.rag.poc.PocApplicationTests          : Started PocApplicationTests in 0.639 seconds (process running for 1.2)
]]></system-out>
  <system-err><![CDATA[WARNING: A Java agent has been loaded dynamically (/Users/jotaeyeong/.gradle/caches/modules-2/files-2.1/net.bytebuddy/byte-buddy-agent/1.14.18/417558ea01fe9f0e8a94af28b9469d281c4e3984/byte-buddy-agent-1.14.18.jar)
WARNING: If a serviceability tool is in use, please run with -XX:+EnableDynamicAgentLoading to hide this warning
WARNING: If a serviceability tool is not in use, please run with -Djdk.instrument.traceUsage for more information
WARNING: Dynamic loading of agents will be disallowed by default in a future release
]]></system-err>
</testsuite>
