<?xml version="1.0" encoding="UTF-8"?>
<testsuite name="com.rag.poc.controller.HealthCheckControllerTest" tests="1" skipped="0" failures="0" errors="0" timestamp="2024-08-12T13:14:56" hostname="jotaeyeong-ui-MacBookPro.local" time="0.113">
  <properties/>
  <testcase name="ping should return pong()" classname="com.rag.poc.controller.HealthCheckControllerTest" time="0.113"/>
  <system-out><![CDATA[2024-08-12T22:14:56.223+09:00  INFO 15132 --- [poc] [    Test worker] t.c.s.AnnotationConfigContextLoaderUtils : Could not detect default configuration classes for test class [com.rag.poc.controller.HealthCheckControllerTest]: HealthCheckControllerTest does not declare any static, non-private, non-final, nested classes annotated with @Configuration.
2024-08-12T22:14:56.232+09:00  INFO 15132 --- [poc] [    Test worker] .b.t.c.SpringBootTestContextBootstrapper : Found @SpringBootConfiguration com.rag.poc.PocApplication for test class com.rag.poc.controller.HealthCheckControllerTest

  .   ____          _            __ _ _
 /\\ / ___'_ __ _ _(_)_ __  __ _ \ \ \ \
( ( )\___ | '_ | '_| | '_ \/ _` | \ \ \ \
 \\/  ___)| |_)| | | | | || (_| |  ) ) ) )
  '  |____| .__|_| |_|_| |_\__, | / / / /
 =========|_|==============|___/=/_/_/_/

 :: Spring Boot ::                (v3.3.2)

2024-08-12T22:14:56.246+09:00  INFO 15132 --- [poc] [    Test worker] c.r.p.c.HealthCheckControllerTest        : Starting HealthCheckControllerTest using Java 21.0.2 with PID 15132 (started by jotaeyeong in /Users/jotaeyeong/Desktop/kakao/rag-poc-was)
2024-08-12T22:14:56.247+09:00  INFO 15132 --- [poc] [    Test worker] c.r.p.c.HealthCheckControllerTest        : No active profile set, falling back to 1 default profile: "default"
2024-08-12T22:14:56.359+09:00  INFO 15132 --- [poc] [    Test worker] o.s.b.t.m.w.SpringBootMockServletContext : Initializing Spring TestDispatcherServlet ''
2024-08-12T22:14:56.360+09:00  INFO 15132 --- [poc] [    Test worker] o.s.t.web.servlet.TestDispatcherServlet  : Initializing Servlet ''
2024-08-12T22:14:56.361+09:00  INFO 15132 --- [poc] [    Test worker] o.s.t.web.servlet.TestDispatcherServlet  : Completed initialization in 0 ms
2024-08-12T22:14:56.364+09:00  INFO 15132 --- [poc] [    Test worker] c.r.p.c.HealthCheckControllerTest        : Started HealthCheckControllerTest in 0.13 seconds (process running for 1.758)
]]></system-out>
  <system-err><![CDATA[]]></system-err>
</testsuite>
